"Task Aware Debugger for GDB" version 11.7.0 (202212092054)
(c) 2016-2022 NXP Semiconductors, Inc.
==================================
15:50:01.66 INFO: [TadModel] DSF session ID 3 has started.
15:52:09.291 INFO: [TadState] TAD state changed: DEBUG_STARTED -> DEBUG_INIT_0 (RESUMED, USER_REQUEST)
15:52:09.342 INFO: [TadState] TAD state changed: DEBUG_INIT_0 -> DEBUG_INIT_1 (SUSPENDED, SIGNAL)
15:52:19.534 INFO: [TadState] TAD state changed: DEBUG_INIT_1 -> DEBUG_SUSPENDED (RESUMED, USER_REQUEST)
15:52:23.572 INFO: [TadState] TAD state changed: DEBUG_SUSPENDED -> DEBUG_SUSPENDED (SUSPENDED, SIGNAL)
15:52:29.303 INFO: [TadState] TAD state changed: DEBUG_SUSPENDED -> DEBUG_RESUMED (RESUMED, USER_REQUEST)
15:52:29.487 INFO: [TadState] TAD state changed: DEBUG_RESUMED -> READY (SUSPENDED, BREAKPOINT)
15:52:53.874 INFO: [TadState] TAD state changed: READY -> DEBUG_RESUMED (RESUMED, USER_REQUEST)
15:53:13.94 INFO: [TadState] TAD state changed: DEBUG_RESUMED -> READY (SUSPENDED, SIGNAL)
15:58:56.731 INFO: [TadState] TAD state changed: READY -> DEBUG_RESUMED (RESUMED, USER_REQUEST)
15:59:06.613 INFO: [TadState] TAD state changed: DEBUG_RESUMED -> READY (SUSPENDED, SIGNAL)
15:59:53.98 INFO: [TadState] TAD state changed: READY -> DEBUG_RESUMED (RESUMED, USER_REQUEST)
15:59:53.286 INFO: [TadState] TAD state changed: DEBUG_RESUMED -> READY (SUSPENDED, BREAKPOINT)
16:00:12.921 INFO: [TadState] TAD state changed: READY -> DEBUG_RESUMED (RESUMED, USER_REQUEST)
16:00:26.449 INFO: [TadState] TAD state changed: DEBUG_RESUMED -> READY (SUSPENDED, SIGNAL)
16:04:17.900 INFO: [TadState] TAD state changed: READY -> DEBUG_RESUMED (RESUMED, USER_REQUEST)
16:04:20.800 INFO: [TadState] TAD state changed: DEBUG_RESUMED -> READY (SUSPENDED, SIGNAL)
16:04:25.950 INFO: [TadState] TAD state changed: READY -> DEBUG_RESUMED (RESUMED, USER_REQUEST)
16:04:26.198 INFO: [TadState] TAD state changed: DEBUG_RESUMED -> READY (SUSPENDED, BREAKPOINT)
16:04:34.415 INFO: [TadState] TAD state changed: READY -> DEBUG_RESUMED (RESUMED, USER_REQUEST)
16:04:41.838 INFO: [TadState] TAD state changed: DEBUG_RESUMED -> READY (SUSPENDED, BREAKPOINT)
16:05:20.860 INFO: [TadState] TAD state changed: READY -> DEBUG_RESUMED (RESUMED, STEP)
16:05:21.276 INFO: [TadState] TAD state changed: DEBUG_RESUMED -> READY (SUSPENDED, STEP)
16:05:21.628 INFO: [TadState] TAD state changed: READY -> DEBUG_RESUMED (RESUMED, STEP)
16:05:22.155 INFO: [TadState] TAD state changed: DEBUG_RESUMED -> READY (SUSPENDED, STEP)
16:05:24.121 INFO: [TadState] TAD state changed: READY -> DEBUG_RESUMED (RESUMED, STEP)
16:05:24.476 INFO: [TadState] TAD state changed: DEBUG_RESUMED -> READY (SUSPENDED, STEP)
16:05:25.516 INFO: [TadState] TAD state changed: READY -> DEBUG_RESUMED (RESUMED, STEP)
16:05:25.880 INFO: [TadState] TAD state changed: DEBUG_RESUMED -> READY (SUSPENDED, STEP)
16:05:26.482 INFO: [TadState] TAD state changed: READY -> DEBUG_RESUMED (RESUMED, STEP)
16:05:26.834 INFO: [TadState] TAD state changed: DEBUG_RESUMED -> READY (SUSPENDED, STEP)
16:05:27.848 INFO: [TadState] TAD state changed: READY -> DEBUG_RESUMED (RESUMED, STEP)
16:05:28.225 INFO: [TadState] TAD state changed: DEBUG_RESUMED -> READY (SUSPENDED, STEP)
16:05:28.886 INFO: [TadState] TAD state changed: READY -> DEBUG_RESUMED (RESUMED, STEP)
16:05:29.200 INFO: [TadState] TAD state changed: DEBUG_RESUMED -> READY (SUSPENDED, STEP)
16:05:30.627 INFO: [TadState] TAD state changed: READY -> DEBUG_RESUMED (RESUMED, STEP)
16:05:31.609 INFO: [TadState] TAD state changed: DEBUG_RESUMED -> READY (SUSPENDED, STEP)
16:05:33.620 INFO: [TadState] TAD state changed: READY -> DEBUG_RESUMED (RESUMED, STEP)
16:05:34.278 INFO: [TadState] TAD state changed: DEBUG_RESUMED -> READY (SUSPENDED, STEP)
16:05:36.609 INFO: [TadState] TAD state changed: READY -> DEBUG_RESUMED (RESUMED, STEP)
16:05:36.885 INFO: [TadState] TAD state changed: DEBUG_RESUMED -> READY (SUSPENDED, STEP)
16:05:37.814 INFO: [TadState] TAD state changed: READY -> DEBUG_RESUMED (RESUMED, STEP)
16:05:38.382 INFO: [TadState] TAD state changed: DEBUG_RESUMED -> READY (SUSPENDED, STEP)
16:05:40.403 INFO: [TadState] TAD state changed: READY -> DEBUG_RESUMED (RESUMED, STEP)
16:05:40.759 INFO: [TadState] TAD state changed: DEBUG_RESUMED -> READY (SUSPENDED, STEP)
16:06:05.710 INFO: [TadState] TAD state changed: READY -> DEBUG_RESUMED (RESUMED, STEP)
16:06:06.481 INFO: [TadState] TAD state changed: DEBUG_RESUMED -> READY (SUSPENDED, STEP)
16:06:16.00 INFO: [TadState] TAD state changed: READY -> DEBUG_RESUMED (RESUMED, STEP)
16:06:16.499 INFO: [TadState] TAD state changed: DEBUG_RESUMED -> READY (SUSPENDED, STEP)
16:06:54.501 INFO: [TadModel] DSF session ID 3 has ended.
